This is XeTeX, Version 3.14159265-2.6-0.999991 (TeX Live 2019/Debian) (preloaded format=xelatex 2021.5.9)  29 SEP 2022 12:50
entering extended mode
 restricted \write18 enabled.
 %&-line parsing enabled.
**preamble.tex
(./preamble.tex
LaTeX2e <2020-02-02> patch level 2
L3 programming layer <2020-02-14>
! Undefined control sequence.
l.5 \institute
              {Universidad Autónoma de Aguascalientes.}
? 
! Emergency stop.
l.5 \institute
              {Universidad Autónoma de Aguascalientes.}
End of file on the terminal!

 
Here is how much of TeX's memory you used:
 15 strings out of 481772
 301 string characters out of 5936452
 238696 words of memory out of 5000000
 17118 multiletter control sequences out of 15000+600000
 532338 words of font info for 24 fonts, out of 8000000 for 9000
 14 hyphenation exceptions out of 8191
 12i,0n,15p,67b,8s stack positions out of 5000i,500n,10000p,200000b,80000s
No pages of output.
