This is XeTeX, Version 3.14159265-2.6-0.999991 (TeX Live 2019/Debian) (preloaded format=xelatex 2021.5.9)  1 OCT 2022 18:49
entering extended mode
 restricted \write18 enabled.
 %&-line parsing enabled.
**titulo.tex
(./titulo.tex
LaTeX2e <2020-02-02> patch level 2
L3 programming layer <2020-02-14>

! LaTeX Error: Environment tikzpicture undefined.

See the LaTeX manual or LaTeX Companion for explanation.
Type  H <return>  for immediate help.
 ...                                              
                                                  
l.37 \begin{tikzpicture}
                        [remember picture,overlay]
? 
! Emergency stop.
 ...                                              
                                                  
l.37 \begin{tikzpicture}
                        [remember picture,overlay]
Your command was ignored.
Type  I <command> <return>  to replace it with another command,
or  <return>  to continue without it.

 
Here is how much of TeX's memory you used:
 22 strings out of 481772
 493 string characters out of 5936452
 238696 words of memory out of 5000000
 17124 multiletter control sequences out of 15000+600000
 532338 words of font info for 24 fonts, out of 8000000 for 9000
 14 hyphenation exceptions out of 8191
 12i,0n,15p,85b,16s stack positions out of 5000i,500n,10000p,200000b,80000s
No pages of output.
